Warning[205] C:\USERS\TP1\DOWNLOADS\PROJECT\PROJECT.ASM 2 : Found directive in column 1. (cblock)
Warning[205] C:\USERS\TP1\DOWNLOADS\PROJECT\PROJECT.ASM 21 : Found directive in column 1. (ENDC)
Warning[205] C:\USERS\TP1\DOWNLOADS\PROJECT\PROJECT.ASM 23 : Found directive in column 1. (org)
Warning[203] C:\USERS\TP1\DOWNLOADS\PROJECT\PROJECT.ASM 24 : Found opcode in column 1. (GOTO)
Warning[205] C:\USERS\TP1\DOWNLOADS\PROJECT\PROJECT.ASM 26 : Found directive in column 1. (org)
Warning[205] C:\USERS\TP1\DOWNLOADS\PROJECT\PROJECT.ASM 28 : Found directive in column 1. (BANKSEL)
Warning[203] C:\USERS\TP1\DOWNLOADS\PROJECT\PROJECT.ASM 29 : Found opcode in column 1. (BSF)
Warning[205] C:\USERS\TP1\DOWNLOADS\PROJECT\PROJECT.ASM 30 : Found directive in column 1. (BANKSEL)
Warning[203] C:\USERS\TP1\DOWNLOADS\PROJECT\PROJECT.ASM 31 : Found opcode in column 1. (BTFSC)
Warning[203] C:\USERS\TP1\DOWNLOADS\PROJECT\PROJECT.ASM 32 : Found opcode in column 1. (GOTO)
Warning[203] C:\USERS\TP1\DOWNLOADS\PROJECT\PROJECT.ASM 33 : Found opcode in column 1. (GOTO)
Message[302] C:\USERS\TP1\DOWNLOADS\PROJECT\PROJECT.ASM 54 : Register in operand not in bank 0.  Ensure that bank bits are correct.
Message[302] C:\USERS\TP1\DOWNLOADS\PROJECT\PROJECT.ASM 56 : Register in operand not in bank 0.  Ensure that bank bits are correct.
Message[302] C:\USERS\TP1\DOWNLOADS\PROJECT\PROJECT.ASM 57 : Register in operand not in bank 0.  Ensure that bank bits are correct.
Message[302] C:\USERS\TP1\DOWNLOADS\PROJECT\PROJECT.ASM 58 : Register in operand not in bank 0.  Ensure that bank bits are correct.
Message[302] C:\USERS\TP1\DOWNLOADS\PROJECT\PROJECT.ASM 60 : Register in operand not in bank 0.  Ensure that bank bits are correct.
Message[302] C:\USERS\TP1\DOWNLOADS\PROJECT\PROJECT.ASM 73 : Register in operand not in bank 0.  Ensure that bank bits are correct.
Message[305] C:\USERS\TP1\DOWNLOADS\PROJECT\PROJECT.ASM 100 : Using default destination of 1 (file).
Message[305] C:\USERS\TP1\DOWNLOADS\PROJECT\PROJECT.ASM 138 : Using default destination of 1 (file).
Message[305] C:\USERS\TP1\DOWNLOADS\PROJECT\PROJECT.ASM 172 : Using default destination of 1 (file).
Warning[203] C:\USERS\TP1\DOWNLOADS\PROJECT\PROJECT.ASM 243 : Found opcode in column 1. (RETURN)
Warning[203] C:\USERS\TP1\DOWNLOADS\PROJECT\PROJECT.ASM 246 : Found opcode in column 1. (Movlw)
Warning[203] C:\USERS\TP1\DOWNLOADS\PROJECT\PROJECT.ASM 247 : Found opcode in column 1. (Call)
Warning[203] C:\USERS\TP1\DOWNLOADS\PROJECT\PROJECT.ASM 248 : Found opcode in column 1. (Movlw)
Warning[203] C:\USERS\TP1\DOWNLOADS\PROJECT\PROJECT.ASM 249 : Found opcode in column 1. (Call)
Warning[203] C:\USERS\TP1\DOWNLOADS\PROJECT\PROJECT.ASM 250 : Found opcode in column 1. (movlw)
Warning[203] C:\USERS\TP1\DOWNLOADS\PROJECT\PROJECT.ASM 251 : Found opcode in column 1. (call)
Warning[203] C:\USERS\TP1\DOWNLOADS\PROJECT\PROJECT.ASM 252 : Found opcode in column 1. (movlw)
Warning[203] C:\USERS\TP1\DOWNLOADS\PROJECT\PROJECT.ASM 253 : Found opcode in column 1. (call)
Warning[203] C:\USERS\TP1\DOWNLOADS\PROJECT\PROJECT.ASM 254 : Found opcode in column 1. (movlw)
Warning[203] C:\USERS\TP1\DOWNLOADS\PROJECT\PROJECT.ASM 255 : Found opcode in column 1. (call)
Warning[203] C:\USERS\TP1\DOWNLOADS\PROJECT\PROJECT.ASM 256 : Found opcode in column 1. (movlw)
Warning[203] C:\USERS\TP1\DOWNLOADS\PROJECT\PROJECT.ASM 257 : Found opcode in column 1. (call)
Warning[203] C:\USERS\TP1\DOWNLOADS\PROJECT\PROJECT.ASM 258 : Found opcode in column 1. (movlw)
Warning[203] C:\USERS\TP1\DOWNLOADS\PROJECT\PROJECT.ASM 259 : Found opcode in column 1. (call)
Warning[203] C:\USERS\TP1\DOWNLOADS\PROJECT\PROJECT.ASM 260 : Found opcode in column 1. (movlw)
Warning[203] C:\USERS\TP1\DOWNLOADS\PROJECT\PROJECT.ASM 261 : Found opcode in column 1. (call)
Warning[203] C:\USERS\TP1\DOWNLOADS\PROJECT\PROJECT.ASM 262 : Found opcode in column 1. (movlw)
Warning[203] C:\USERS\TP1\DOWNLOADS\PROJECT\PROJECT.ASM 263 : Found opcode in column 1. (call)
Warning[203] C:\USERS\TP1\DOWNLOADS\PROJECT\PROJECT.ASM 264 : Found opcode in column 1. (movlw)
Warning[203] C:\USERS\TP1\DOWNLOADS\PROJECT\PROJECT.ASM 265 : Found opcode in column 1. (call)
Warning[203] C:\USERS\TP1\DOWNLOADS\PROJECT\PROJECT.ASM 266 : Found opcode in column 1. (movlw)
Warning[203] C:\USERS\TP1\DOWNLOADS\PROJECT\PROJECT.ASM 267 : Found opcode in column 1. (call)
Warning[203] C:\USERS\TP1\DOWNLOADS\PROJECT\PROJECT.ASM 268 : Found opcode in column 1. (movlw)
Warning[203] C:\USERS\TP1\DOWNLOADS\PROJECT\PROJECT.ASM 269 : Found opcode in column 1. (call)
Warning[203] C:\USERS\TP1\DOWNLOADS\PROJECT\PROJECT.ASM 270 : Found opcode in column 1. (movlw)
Warning[203] C:\USERS\TP1\DOWNLOADS\PROJECT\PROJECT.ASM 271 : Found opcode in column 1. (call)
Warning[203] C:\USERS\TP1\DOWNLOADS\PROJECT\PROJECT.ASM 272 : Found opcode in column 1. (GOTO)
Warning[203] C:\USERS\TP1\DOWNLOADS\PROJECT\PROJECT.ASM 274 : Found opcode in column 1. (Movlw)
Warning[203] C:\USERS\TP1\DOWNLOADS\PROJECT\PROJECT.ASM 275 : Found opcode in column 1. (Call)
Warning[203] C:\USERS\TP1\DOWNLOADS\PROJECT\PROJECT.ASM 276 : Found opcode in column 1. (Movlw)
Warning[203] C:\USERS\TP1\DOWNLOADS\PROJECT\PROJECT.ASM 277 : Found opcode in column 1. (Call)
Warning[203] C:\USERS\TP1\DOWNLOADS\PROJECT\PROJECT.ASM 278 : Found opcode in column 1. (movlw)
Warning[203] C:\USERS\TP1\DOWNLOADS\PROJECT\PROJECT.ASM 279 : Found opcode in column 1. (call)
Warning[203] C:\USERS\TP1\DOWNLOADS\PROJECT\PROJECT.ASM 280 : Found opcode in column 1. (movlw)
Warning[203] C:\USERS\TP1\DOWNLOADS\PROJECT\PROJECT.ASM 281 : Found opcode in column 1. (call)
Warning[203] C:\USERS\TP1\DOWNLOADS\PROJECT\PROJECT.ASM 282 : Found opcode in column 1. (movlw)
Warning[203] C:\USERS\TP1\DOWNLOADS\PROJECT\PROJECT.ASM 283 : Found opcode in column 1. (call)
Warning[203] C:\USERS\TP1\DOWNLOADS\PROJECT\PROJECT.ASM 284 : Found opcode in column 1. (movlw)
Warning[203] C:\USERS\TP1\DOWNLOADS\PROJECT\PROJECT.ASM 285 : Found opcode in column 1. (call)
Warning[203] C:\USERS\TP1\DOWNLOADS\PROJECT\PROJECT.ASM 286 : Found opcode in column 1. (movlw)
Warning[203] C:\USERS\TP1\DOWNLOADS\PROJECT\PROJECT.ASM 287 : Found opcode in column 1. (call)
Warning[203] C:\USERS\TP1\DOWNLOADS\PROJECT\PROJECT.ASM 288 : Found opcode in column 1. (movlw)
Warning[203] C:\USERS\TP1\DOWNLOADS\PROJECT\PROJECT.ASM 289 : Found opcode in column 1. (call)
Warning[203] C:\USERS\TP1\DOWNLOADS\PROJECT\PROJECT.ASM 290 : Found opcode in column 1. (movlw)
Warning[203] C:\USERS\TP1\DOWNLOADS\PROJECT\PROJECT.ASM 291 : Found opcode in column 1. (call)
Warning[203] C:\USERS\TP1\DOWNLOADS\PROJECT\PROJECT.ASM 292 : Found opcode in column 1. (movlw)
Warning[203] C:\USERS\TP1\DOWNLOADS\PROJECT\PROJECT.ASM 293 : Found opcode in column 1. (call)
Warning[203] C:\USERS\TP1\DOWNLOADS\PROJECT\PROJECT.ASM 294 : Found opcode in column 1. (movlw)
Warning[203] C:\USERS\TP1\DOWNLOADS\PROJECT\PROJECT.ASM 295 : Found opcode in column 1. (call)
Warning[203] C:\USERS\TP1\DOWNLOADS\PROJECT\PROJECT.ASM 296 : Found opcode in column 1. (movlw)
Warning[203] C:\USERS\TP1\DOWNLOADS\PROJECT\PROJECT.ASM 297 : Found opcode in column 1. (call)
Warning[203] C:\USERS\TP1\DOWNLOADS\PROJECT\PROJECT.ASM 298 : Found opcode in column 1. (movlw)
Warning[203] C:\USERS\TP1\DOWNLOADS\PROJECT\PROJECT.ASM 299 : Found opcode in column 1. (call)
Warning[203] C:\USERS\TP1\DOWNLOADS\PROJECT\PROJECT.ASM 300 : Found opcode in column 1. (Movlw)
Warning[203] C:\USERS\TP1\DOWNLOADS\PROJECT\PROJECT.ASM 301 : Found opcode in column 1. (Call)
Warning[203] C:\USERS\TP1\DOWNLOADS\PROJECT\PROJECT.ASM 302 : Found opcode in column 1. (GOTO)
Warning[203] C:\USERS\TP1\DOWNLOADS\PROJECT\PROJECT.ASM 304 : Found opcode in column 1. (Movlw)
Warning[203] C:\USERS\TP1\DOWNLOADS\PROJECT\PROJECT.ASM 305 : Found opcode in column 1. (Call)
Warning[203] C:\USERS\TP1\DOWNLOADS\PROJECT\PROJECT.ASM 306 : Found opcode in column 1. (Movlw)
Warning[203] C:\USERS\TP1\DOWNLOADS\PROJECT\PROJECT.ASM 307 : Found opcode in column 1. (Call)
Warning[203] C:\USERS\TP1\DOWNLOADS\PROJECT\PROJECT.ASM 308 : Found opcode in column 1. (movlw)
Warning[203] C:\USERS\TP1\DOWNLOADS\PROJECT\PROJECT.ASM 309 : Found opcode in column 1. (call)
Warning[203] C:\USERS\TP1\DOWNLOADS\PROJECT\PROJECT.ASM 310 : Found opcode in column 1. (movlw)
Warning[203] C:\USERS\TP1\DOWNLOADS\PROJECT\PROJECT.ASM 311 : Found opcode in column 1. (call)
Warning[203] C:\USERS\TP1\DOWNLOADS\PROJECT\PROJECT.ASM 312 : Found opcode in column 1. (movlw)
Warning[203] C:\USERS\TP1\DOWNLOADS\PROJECT\PROJECT.ASM 313 : Found opcode in column 1. (call)
Warning[203] C:\USERS\TP1\DOWNLOADS\PROJECT\PROJECT.ASM 314 : Found opcode in column 1. (movlw)
Warning[203] C:\USERS\TP1\DOWNLOADS\PROJECT\PROJECT.ASM 315 : Found opcode in column 1. (call)
Warning[203] C:\USERS\TP1\DOWNLOADS\PROJECT\PROJECT.ASM 316 : Found opcode in column 1. (movlw)
Warning[203] C:\USERS\TP1\DOWNLOADS\PROJECT\PROJECT.ASM 317 : Found opcode in column 1. (call)
Warning[203] C:\USERS\TP1\DOWNLOADS\PROJECT\PROJECT.ASM 318 : Found opcode in column 1. (movlw)
Warning[203] C:\USERS\TP1\DOWNLOADS\PROJECT\PROJECT.ASM 319 : Found opcode in column 1. (call)
Warning[203] C:\USERS\TP1\DOWNLOADS\PROJECT\PROJECT.ASM 320 : Found opcode in column 1. (movlw)
Warning[203] C:\USERS\TP1\DOWNLOADS\PROJECT\PROJECT.ASM 321 : Found opcode in column 1. (call)
Warning[203] C:\USERS\TP1\DOWNLOADS\PROJECT\PROJECT.ASM 322 : Found opcode in column 1. (movlw)
Warning[203] C:\USERS\TP1\DOWNLOADS\PROJECT\PROJECT.ASM 323 : Found opcode in column 1. (call)
Warning[203] C:\USERS\TP1\DOWNLOADS\PROJECT\PROJECT.ASM 324 : Found opcode in column 1. (movlw)
Warning[203] C:\USERS\TP1\DOWNLOADS\PROJECT\PROJECT.ASM 325 : Found opcode in column 1. (call)
Warning[203] C:\USERS\TP1\DOWNLOADS\PROJECT\PROJECT.ASM 326 : Found opcode in column 1. (movlw)
Warning[203] C:\USERS\TP1\DOWNLOADS\PROJECT\PROJECT.ASM 327 : Found opcode in column 1. (call)
Warning[203] C:\USERS\TP1\DOWNLOADS\PROJECT\PROJECT.ASM 328 : Found opcode in column 1. (movlw)
Warning[203] C:\USERS\TP1\DOWNLOADS\PROJECT\PROJECT.ASM 329 : Found opcode in column 1. (call)
Warning[203] C:\USERS\TP1\DOWNLOADS\PROJECT\PROJECT.ASM 330 : Found opcode in column 1. (GOTO)
Warning[203] C:\USERS\TP1\DOWNLOADS\PROJECT\PROJECT.ASM 332 : Found opcode in column 1. (Movlw)
Warning[203] C:\USERS\TP1\DOWNLOADS\PROJECT\PROJECT.ASM 333 : Found opcode in column 1. (Call)
Warning[203] C:\USERS\TP1\DOWNLOADS\PROJECT\PROJECT.ASM 334 : Found opcode in column 1. (Movlw)
Warning[203] C:\USERS\TP1\DOWNLOADS\PROJECT\PROJECT.ASM 335 : Found opcode in column 1. (Call)
Warning[203] C:\USERS\TP1\DOWNLOADS\PROJECT\PROJECT.ASM 336 : Found opcode in column 1. (movlw)
Warning[203] C:\USERS\TP1\DOWNLOADS\PROJECT\PROJECT.ASM 337 : Found opcode in column 1. (call)
Warning[203] C:\USERS\TP1\DOWNLOADS\PROJECT\PROJECT.ASM 338 : Found opcode in column 1. (movlw)
Warning[203] C:\USERS\TP1\DOWNLOADS\PROJECT\PROJECT.ASM 339 : Found opcode in column 1. (call)
Warning[203] C:\USERS\TP1\DOWNLOADS\PROJECT\PROJECT.ASM 340 : Found opcode in column 1. (movlw)
Warning[203] C:\USERS\TP1\DOWNLOADS\PROJECT\PROJECT.ASM 341 : Found opcode in column 1. (call)
Warning[203] C:\USERS\TP1\DOWNLOADS\PROJECT\PROJECT.ASM 342 : Found opcode in column 1. (movlw)
Warning[203] C:\USERS\TP1\DOWNLOADS\PROJECT\PROJECT.ASM 343 : Found opcode in column 1. (call)
Warning[203] C:\USERS\TP1\DOWNLOADS\PROJECT\PROJECT.ASM 344 : Found opcode in column 1. (movlw)
Warning[203] C:\USERS\TP1\DOWNLOADS\PROJECT\PROJECT.ASM 345 : Found opcode in column 1. (call)
Warning[203] C:\USERS\TP1\DOWNLOADS\PROJECT\PROJECT.ASM 346 : Found opcode in column 1. (movlw)
Warning[203] C:\USERS\TP1\DOWNLOADS\PROJECT\PROJECT.ASM 347 : Found opcode in column 1. (call)
Warning[203] C:\USERS\TP1\DOWNLOADS\PROJECT\PROJECT.ASM 348 : Found opcode in column 1. (movlw)
Warning[203] C:\USERS\TP1\DOWNLOADS\PROJECT\PROJECT.ASM 349 : Found opcode in column 1. (call)
Warning[203] C:\USERS\TP1\DOWNLOADS\PROJECT\PROJECT.ASM 350 : Found opcode in column 1. (movlw)
Warning[203] C:\USERS\TP1\DOWNLOADS\PROJECT\PROJECT.ASM 351 : Found opcode in column 1. (call)
Warning[203] C:\USERS\TP1\DOWNLOADS\PROJECT\PROJECT.ASM 352 : Found opcode in column 1. (movlw)
Warning[203] C:\USERS\TP1\DOWNLOADS\PROJECT\PROJECT.ASM 353 : Found opcode in column 1. (call)
Warning[203] C:\USERS\TP1\DOWNLOADS\PROJECT\PROJECT.ASM 354 : Found opcode in column 1. (movlw)
Warning[203] C:\USERS\TP1\DOWNLOADS\PROJECT\PROJECT.ASM 355 : Found opcode in column 1. (call)
Warning[203] C:\USERS\TP1\DOWNLOADS\PROJECT\PROJECT.ASM 356 : Found opcode in column 1. (movlw)
Warning[203] C:\USERS\TP1\DOWNLOADS\PROJECT\PROJECT.ASM 357 : Found opcode in column 1. (call)
Warning[203] C:\USERS\TP1\DOWNLOADS\PROJECT\PROJECT.ASM 358 : Found opcode in column 1. (GOTO)
Warning[203] C:\USERS\TP1\DOWNLOADS\PROJECT\PROJECT.ASM 360 : Found opcode in column 1. (Movlw)
Warning[203] C:\USERS\TP1\DOWNLOADS\PROJECT\PROJECT.ASM 361 : Found opcode in column 1. (Call)
Warning[203] C:\USERS\TP1\DOWNLOADS\PROJECT\PROJECT.ASM 362 : Found opcode in column 1. (Movlw)
Warning[203] C:\USERS\TP1\DOWNLOADS\PROJECT\PROJECT.ASM 363 : Found opcode in column 1. (Call)
Warning[203] C:\USERS\TP1\DOWNLOADS\PROJECT\PROJECT.ASM 364 : Found opcode in column 1. (movlw)
Warning[203] C:\USERS\TP1\DOWNLOADS\PROJECT\PROJECT.ASM 365 : Found opcode in column 1. (call)
Warning[203] C:\USERS\TP1\DOWNLOADS\PROJECT\PROJECT.ASM 366 : Found opcode in column 1. (movlw)
Warning[203] C:\USERS\TP1\DOWNLOADS\PROJECT\PROJECT.ASM 367 : Found opcode in column 1. (call)
Warning[203] C:\USERS\TP1\DOWNLOADS\PROJECT\PROJECT.ASM 368 : Found opcode in column 1. (movlw)
Warning[203] C:\USERS\TP1\DOWNLOADS\PROJECT\PROJECT.ASM 369 : Found opcode in column 1. (call)
Warning[203] C:\USERS\TP1\DOWNLOADS\PROJECT\PROJECT.ASM 370 : Found opcode in column 1. (movlw)
Warning[203] C:\USERS\TP1\DOWNLOADS\PROJECT\PROJECT.ASM 371 : Found opcode in column 1. (call)
Warning[203] C:\USERS\TP1\DOWNLOADS\PROJECT\PROJECT.ASM 372 : Found opcode in column 1. (movlw)
Warning[203] C:\USERS\TP1\DOWNLOADS\PROJECT\PROJECT.ASM 373 : Found opcode in column 1. (call)
Warning[203] C:\USERS\TP1\DOWNLOADS\PROJECT\PROJECT.ASM 374 : Found opcode in column 1. (movlw)
Warning[203] C:\USERS\TP1\DOWNLOADS\PROJECT\PROJECT.ASM 375 : Found opcode in column 1. (call)
Warning[205] C:\USERS\TP1\DOWNLOADS\PROJECT\PROJECT.ASM 376 : Found directive in column 1. (BANKSEL)
Warning[203] C:\USERS\TP1\DOWNLOADS\PROJECT\PROJECT.ASM 377 : Found opcode in column 1. (BTFSC)
Warning[203] C:\USERS\TP1\DOWNLOADS\PROJECT\PROJECT.ASM 378 : Found opcode in column 1. (movlw)
Warning[203] C:\USERS\TP1\DOWNLOADS\PROJECT\PROJECT.ASM 379 : Found opcode in column 1. (BTFSC)
Warning[203] C:\USERS\TP1\DOWNLOADS\PROJECT\PROJECT.ASM 380 : Found opcode in column 1. (call)
Warning[203] C:\USERS\TP1\DOWNLOADS\PROJECT\PROJECT.ASM 381 : Found opcode in column 1. (MOVLW)
Warning[205] C:\USERS\TP1\DOWNLOADS\PROJECT\PROJECT.ASM 382 : Found directive in column 1. (BANKSEL)
Warning[203] C:\USERS\TP1\DOWNLOADS\PROJECT\PROJECT.ASM 383 : Found opcode in column 1. (ADDWF)
Warning[203] C:\USERS\TP1\DOWNLOADS\PROJECT\PROJECT.ASM 384 : Found opcode in column 1. (call)
Warning[203] C:\USERS\TP1\DOWNLOADS\PROJECT\PROJECT.ASM 385 : Found opcode in column 1. (GOTO)
Warning[203] C:\USERS\TP1\DOWNLOADS\PROJECT\PROJECT.ASM 386 : Found opcode in column 1. (RETURN)
Warning[203] C:\USERS\TP1\DOWNLOADS\PROJECT\PROJECT.ASM 397 : Found opcode in column 1. (RETURN)
Warning[203] C:\USERS\TP1\DOWNLOADS\PROJECT\PROJECT.ASM 408 : Found opcode in column 1. (RETURN)
Warning[203] C:\USERS\TP1\DOWNLOADS\PROJECT\PROJECT.ASM 420 : Found opcode in column 1. (RETURN)
Warning[203] C:\USERS\TP1\DOWNLOADS\PROJECT\PROJECT.ASM 442 : Found opcode in column 1. (MOVLW)
Warning[203] C:\USERS\TP1\DOWNLOADS\PROJECT\PROJECT.ASM 443 : Found opcode in column 1. (MOVWF)
Warning[203] C:\USERS\TP1\DOWNLOADS\PROJECT\PROJECT.ASM 444 : Found opcode in column 1. (MOVLW)
Warning[203] C:\USERS\TP1\DOWNLOADS\PROJECT\PROJECT.ASM 445 : Found opcode in column 1. (MOVWF)
Warning[203] C:\USERS\TP1\DOWNLOADS\PROJECT\PROJECT.ASM 446 : Found opcode in column 1. (GOTO)
Warning[203] C:\USERS\TP1\DOWNLOADS\PROJECT\PROJECT.ASM 449 : Found opcode in column 1. (MOVLW)
Warning[203] C:\USERS\TP1\DOWNLOADS\PROJECT\PROJECT.ASM 450 : Found opcode in column 1. (MOVWF)
Warning[203] C:\USERS\TP1\DOWNLOADS\PROJECT\PROJECT.ASM 451 : Found opcode in column 1. (MOVWF)
Warning[203] C:\USERS\TP1\DOWNLOADS\PROJECT\PROJECT.ASM 452 : Found opcode in column 1. (GOTO)
Warning[203] C:\USERS\TP1\DOWNLOADS\PROJECT\PROJECT.ASM 455 : Found opcode in column 1. (MOVLW)
Warning[203] C:\USERS\TP1\DOWNLOADS\PROJECT\PROJECT.ASM 456 : Found opcode in column 1. (MOVWF)
Warning[203] C:\USERS\TP1\DOWNLOADS\PROJECT\PROJECT.ASM 457 : Found opcode in column 1. (MOVLW)
Warning[203] C:\USERS\TP1\DOWNLOADS\PROJECT\PROJECT.ASM 458 : Found opcode in column 1. (MOVWF)
Warning[203] C:\USERS\TP1\DOWNLOADS\PROJECT\PROJECT.ASM 459 : Found opcode in column 1. (GOTO)
Warning[203] C:\USERS\TP1\DOWNLOADS\PROJECT\PROJECT.ASM 462 : Found opcode in column 1. (MOVLW)
Warning[203] C:\USERS\TP1\DOWNLOADS\PROJECT\PROJECT.ASM 463 : Found opcode in column 1. (MOVWF)
Warning[203] C:\USERS\TP1\DOWNLOADS\PROJECT\PROJECT.ASM 464 : Found opcode in column 1. (MOVWF)
Warning[203] C:\USERS\TP1\DOWNLOADS\PROJECT\PROJECT.ASM 465 : Found opcode in column 1. (GOTO)
Warning[203] C:\USERS\TP1\DOWNLOADS\PROJECT\PROJECT.ASM 468 : Found opcode in column 1. (MOVLW)
Warning[203] C:\USERS\TP1\DOWNLOADS\PROJECT\PROJECT.ASM 469 : Found opcode in column 1. (BTFSC)
Warning[203] C:\USERS\TP1\DOWNLOADS\PROJECT\PROJECT.ASM 470 : Found opcode in column 1. (GOTO)
Warning[203] C:\USERS\TP1\DOWNLOADS\PROJECT\PROJECT.ASM 471 : Found opcode in column 1. (GOTO)
Warning[203] C:\USERS\TP1\DOWNLOADS\PROJECT\PROJECT.ASM 570 : Found opcode in column 1. (Movlw)
Warning[203] C:\USERS\TP1\DOWNLOADS\PROJECT\PROJECT.ASM 571 : Found opcode in column 1. (Call)
Warning[203] C:\USERS\TP1\DOWNLOADS\PROJECT\PROJECT.ASM 572 : Found opcode in column 1. (Movlw)
Warning[203] C:\USERS\TP1\DOWNLOADS\PROJECT\PROJECT.ASM 573 : Found opcode in column 1. (Call)
Warning[203] C:\USERS\TP1\DOWNLOADS\PROJECT\PROJECT.ASM 574 : Found opcode in column 1. (movlw)
Warning[203] C:\USERS\TP1\DOWNLOADS\PROJECT\PROJECT.ASM 575 : Found opcode in column 1. (call)
Warning[203] C:\USERS\TP1\DOWNLOADS\PROJECT\PROJECT.ASM 576 : Found opcode in column 1. (movlw)
Warning[203] C:\USERS\TP1\DOWNLOADS\PROJECT\PROJECT.ASM 577 : Found opcode in column 1. (call)
Warning[203] C:\USERS\TP1\DOWNLOADS\PROJECT\PROJECT.ASM 578 : Found opcode in column 1. (movlw)
Warning[203] C:\USERS\TP1\DOWNLOADS\PROJECT\PROJECT.ASM 579 : Found opcode in column 1. (call)
Warning[203] C:\USERS\TP1\DOWNLOADS\PROJECT\PROJECT.ASM 580 : Found opcode in column 1. (movlw)
Warning[203] C:\USERS\TP1\DOWNLOADS\PROJECT\PROJECT.ASM 581 : Found opcode in column 1. (call)
Warning[203] C:\USERS\TP1\DOWNLOADS\PROJECT\PROJECT.ASM 582 : Found opcode in column 1. (movlw)
Warning[203] C:\USERS\TP1\DOWNLOADS\PROJECT\PROJECT.ASM 583 : Found opcode in column 1. (call)
Warning[203] C:\USERS\TP1\DOWNLOADS\PROJECT\PROJECT.ASM 584 : Found opcode in column 1. (movlw)
Warning[203] C:\USERS\TP1\DOWNLOADS\PROJECT\PROJECT.ASM 585 : Found opcode in column 1. (call)
Warning[203] C:\USERS\TP1\DOWNLOADS\PROJECT\PROJECT.ASM 586 : Found opcode in column 1. (movlw)
Warning[203] C:\USERS\TP1\DOWNLOADS\PROJECT\PROJECT.ASM 587 : Found opcode in column 1. (call)
Warning[203] C:\USERS\TP1\DOWNLOADS\PROJECT\PROJECT.ASM 588 : Found opcode in column 1. (movlw)
Warning[203] C:\USERS\TP1\DOWNLOADS\PROJECT\PROJECT.ASM 589 : Found opcode in column 1. (call)
Warning[203] C:\USERS\TP1\DOWNLOADS\PROJECT\PROJECT.ASM 590 : Found opcode in column 1. (movlw)
Warning[203] C:\USERS\TP1\DOWNLOADS\PROJECT\PROJECT.ASM 591 : Found opcode in column 1. (call)
Warning[203] C:\USERS\TP1\DOWNLOADS\PROJECT\PROJECT.ASM 592 : Found opcode in column 1. (movlw)
Warning[203] C:\USERS\TP1\DOWNLOADS\PROJECT\PROJECT.ASM 593 : Found opcode in column 1. (call)
Warning[203] C:\USERS\TP1\DOWNLOADS\PROJECT\PROJECT.ASM 594 : Found opcode in column 1. (movlw)
Warning[203] C:\USERS\TP1\DOWNLOADS\PROJECT\PROJECT.ASM 595 : Found opcode in column 1. (call)
Warning[203] C:\USERS\TP1\DOWNLOADS\PROJECT\PROJECT.ASM 596 : Found opcode in column 1. (RETURN)
Warning[203] C:\USERS\TP1\DOWNLOADS\PROJECT\PROJECT.ASM 599 : Found opcode in column 1. (Movlw)
Warning[203] C:\USERS\TP1\DOWNLOADS\PROJECT\PROJECT.ASM 600 : Found opcode in column 1. (Call)
Warning[203] C:\USERS\TP1\DOWNLOADS\PROJECT\PROJECT.ASM 601 : Found opcode in column 1. (Movlw)
Warning[203] C:\USERS\TP1\DOWNLOADS\PROJECT\PROJECT.ASM 602 : Found opcode in column 1. (Call)
Warning[203] C:\USERS\TP1\DOWNLOADS\PROJECT\PROJECT.ASM 603 : Found opcode in column 1. (movlw)
Warning[203] C:\USERS\TP1\DOWNLOADS\PROJECT\PROJECT.ASM 604 : Found opcode in column 1. (call)
Warning[203] C:\USERS\TP1\DOWNLOADS\PROJECT\PROJECT.ASM 605 : Found opcode in column 1. (movlw)
Warning[203] C:\USERS\TP1\DOWNLOADS\PROJECT\PROJECT.ASM 606 : Found opcode in column 1. (call)
Warning[203] C:\USERS\TP1\DOWNLOADS\PROJECT\PROJECT.ASM 607 : Found opcode in column 1. (movlw)
Warning[203] C:\USERS\TP1\DOWNLOADS\PROJECT\PROJECT.ASM 608 : Found opcode in column 1. (call)
Warning[203] C:\USERS\TP1\DOWNLOADS\PROJECT\PROJECT.ASM 609 : Found opcode in column 1. (movlw)
Warning[203] C:\USERS\TP1\DOWNLOADS\PROJECT\PROJECT.ASM 610 : Found opcode in column 1. (call)
Warning[203] C:\USERS\TP1\DOWNLOADS\PROJECT\PROJECT.ASM 611 : Found opcode in column 1. (movlw)
Warning[203] C:\USERS\TP1\DOWNLOADS\PROJECT\PROJECT.ASM 612 : Found opcode in column 1. (call)
Warning[203] C:\USERS\TP1\DOWNLOADS\PROJECT\PROJECT.ASM 613 : Found opcode in column 1. (movlw)
Warning[203] C:\USERS\TP1\DOWNLOADS\PROJECT\PROJECT.ASM 614 : Found opcode in column 1. (call)
Warning[203] C:\USERS\TP1\DOWNLOADS\PROJECT\PROJECT.ASM 615 : Found opcode in column 1. (movlw)
Warning[203] C:\USERS\TP1\DOWNLOADS\PROJECT\PROJECT.ASM 616 : Found opcode in column 1. (call)
Warning[203] C:\USERS\TP1\DOWNLOADS\PROJECT\PROJECT.ASM 617 : Found opcode in column 1. (movlw)
Warning[203] C:\USERS\TP1\DOWNLOADS\PROJECT\PROJECT.ASM 618 : Found opcode in column 1. (call)
Warning[203] C:\USERS\TP1\DOWNLOADS\PROJECT\PROJECT.ASM 619 : Found opcode in column 1. (movlw)
Warning[203] C:\USERS\TP1\DOWNLOADS\PROJECT\PROJECT.ASM 620 : Found opcode in column 1. (call)
Warning[203] C:\USERS\TP1\DOWNLOADS\PROJECT\PROJECT.ASM 621 : Found opcode in column 1. (movlw)
Warning[203] C:\USERS\TP1\DOWNLOADS\PROJECT\PROJECT.ASM 622 : Found opcode in column 1. (call)
Warning[203] C:\USERS\TP1\DOWNLOADS\PROJECT\PROJECT.ASM 623 : Found opcode in column 1. (movlw)
Warning[203] C:\USERS\TP1\DOWNLOADS\PROJECT\PROJECT.ASM 624 : Found opcode in column 1. (call)
Warning[203] C:\USERS\TP1\DOWNLOADS\PROJECT\PROJECT.ASM 626 : Found opcode in column 1. (RETURN)
Warning[203] C:\USERS\TP1\DOWNLOADS\PROJECT\PROJECT.ASM 629 : Found opcode in column 1. (Movlw)
Warning[203] C:\USERS\TP1\DOWNLOADS\PROJECT\PROJECT.ASM 630 : Found opcode in column 1. (Call)
Warning[203] C:\USERS\TP1\DOWNLOADS\PROJECT\PROJECT.ASM 631 : Found opcode in column 1. (Movlw)
Warning[203] C:\USERS\TP1\DOWNLOADS\PROJECT\PROJECT.ASM 632 : Found opcode in column 1. (Call)
Warning[203] C:\USERS\TP1\DOWNLOADS\PROJECT\PROJECT.ASM 633 : Found opcode in column 1. (movlw)
Warning[203] C:\USERS\TP1\DOWNLOADS\PROJECT\PROJECT.ASM 634 : Found opcode in column 1. (call)
Warning[203] C:\USERS\TP1\DOWNLOADS\PROJECT\PROJECT.ASM 635 : Found opcode in column 1. (movlw)
Warning[203] C:\USERS\TP1\DOWNLOADS\PROJECT\PROJECT.ASM 636 : Found opcode in column 1. (call)
Warning[203] C:\USERS\TP1\DOWNLOADS\PROJECT\PROJECT.ASM 637 : Found opcode in column 1. (movlw)
Warning[203] C:\USERS\TP1\DOWNLOADS\PROJECT\PROJECT.ASM 638 : Found opcode in column 1. (call)
Warning[203] C:\USERS\TP1\DOWNLOADS\PROJECT\PROJECT.ASM 639 : Found opcode in column 1. (movlw)
Warning[203] C:\USERS\TP1\DOWNLOADS\PROJECT\PROJECT.ASM 640 : Found opcode in column 1. (call)
Warning[203] C:\USERS\TP1\DOWNLOADS\PROJECT\PROJECT.ASM 642 : Found opcode in column 1. (RETURN)
Message[305] C:\USERS\TP1\DOWNLOADS\PROJECT\PROJECT.ASM 664 : Using default destination of 1 (file).
Message[305] C:\USERS\TP1\DOWNLOADS\PROJECT\PROJECT.ASM 665 : Using default destination of 1 (file).
Message[305] C:\USERS\TP1\DOWNLOADS\PROJECT\PROJECT.ASM 671 : Using default destination of 1 (file).
Message[305] C:\USERS\TP1\DOWNLOADS\PROJECT\PROJECT.ASM 672 : Using default destination of 1 (file).
Warning[203] C:\USERS\TP1\DOWNLOADS\PROJECT\PROJECT.ASM 676 : Found opcode in column 1. (Movlw)
Warning[203] C:\USERS\TP1\DOWNLOADS\PROJECT\PROJECT.ASM 677 : Found opcode in column 1. (Call)
Warning[203] C:\USERS\TP1\DOWNLOADS\PROJECT\PROJECT.ASM 678 : Found opcode in column 1. (Movlw)
Warning[203] C:\USERS\TP1\DOWNLOADS\PROJECT\PROJECT.ASM 679 : Found opcode in column 1. (Call)
Warning[203] C:\USERS\TP1\DOWNLOADS\PROJECT\PROJECT.ASM 680 : Found opcode in column 1. (movlw)
Warning[203] C:\USERS\TP1\DOWNLOADS\PROJECT\PROJECT.ASM 681 : Found opcode in column 1. (call)
Warning[203] C:\USERS\TP1\DOWNLOADS\PROJECT\PROJECT.ASM 682 : Found opcode in column 1. (movlw)
Warning[203] C:\USERS\TP1\DOWNLOADS\PROJECT\PROJECT.ASM 683 : Found opcode in column 1. (call)
Warning[203] C:\USERS\TP1\DOWNLOADS\PROJECT\PROJECT.ASM 684 : Found opcode in column 1. (movlw)
Warning[203] C:\USERS\TP1\DOWNLOADS\PROJECT\PROJECT.ASM 685 : Found opcode in column 1. (call)
Warning[203] C:\USERS\TP1\DOWNLOADS\PROJECT\PROJECT.ASM 686 : Found opcode in column 1. (movlw)
Warning[203] C:\USERS\TP1\DOWNLOADS\PROJECT\PROJECT.ASM 687 : Found opcode in column 1. (call)
Warning[203] C:\USERS\TP1\DOWNLOADS\PROJECT\PROJECT.ASM 688 : Found opcode in column 1. (movlw)
Warning[203] C:\USERS\TP1\DOWNLOADS\PROJECT\PROJECT.ASM 689 : Found opcode in column 1. (call)
Warning[203] C:\USERS\TP1\DOWNLOADS\PROJECT\PROJECT.ASM 690 : Found opcode in column 1. (movlw)
Warning[203] C:\USERS\TP1\DOWNLOADS\PROJECT\PROJECT.ASM 691 : Found opcode in column 1. (call)
Warning[203] C:\USERS\TP1\DOWNLOADS\PROJECT\PROJECT.ASM 692 : Found opcode in column 1. (movlw)
Warning[203] C:\USERS\TP1\DOWNLOADS\PROJECT\PROJECT.ASM 693 : Found opcode in column 1. (call)
Warning[203] C:\USERS\TP1\DOWNLOADS\PROJECT\PROJECT.ASM 694 : Found opcode in column 1. (movlw)
Warning[203] C:\USERS\TP1\DOWNLOADS\PROJECT\PROJECT.ASM 695 : Found opcode in column 1. (call)
Warning[203] C:\USERS\TP1\DOWNLOADS\PROJECT\PROJECT.ASM 696 : Found opcode in column 1. (movlw)
Warning[203] C:\USERS\TP1\DOWNLOADS\PROJECT\PROJECT.ASM 697 : Found opcode in column 1. (call)
Warning[203] C:\USERS\TP1\DOWNLOADS\PROJECT\PROJECT.ASM 698 : Found opcode in column 1. (movlw)
Warning[203] C:\USERS\TP1\DOWNLOADS\PROJECT\PROJECT.ASM 699 : Found opcode in column 1. (call)
Warning[203] C:\USERS\TP1\DOWNLOADS\PROJECT\PROJECT.ASM 700 : Found opcode in column 1. (movlw)
Warning[203] C:\USERS\TP1\DOWNLOADS\PROJECT\PROJECT.ASM 701 : Found opcode in column 1. (call)
Warning[203] C:\USERS\TP1\DOWNLOADS\PROJECT\PROJECT.ASM 702 : Found opcode in column 1. (movlw)
Warning[203] C:\USERS\TP1\DOWNLOADS\PROJECT\PROJECT.ASM 703 : Found opcode in column 1. (call)
Warning[203] C:\USERS\TP1\DOWNLOADS\PROJECT\PROJECT.ASM 704 : Found opcode in column 1. (movlw)
Warning[203] C:\USERS\TP1\DOWNLOADS\PROJECT\PROJECT.ASM 705 : Found opcode in column 1. (call)
Warning[203] C:\USERS\TP1\DOWNLOADS\PROJECT\PROJECT.ASM 706 : Found opcode in column 1. (GOTO)
Warning[205] C:\USERS\TP1\DOWNLOADS\PROJECT\PROJECT.ASM 708 : Found directive in column 1. (END)
